Removed Pin From Net: NetName=NetIC6_6 Pin=R37-1
Removed Pin From Net: NetName=AMP_R Pin=R37-2
Removed Pin From Net: NetName=AMP_R Pin=R37-3
Removed Pin From Net: NetName=NetIC8_6 Pin=R48-1
Removed Pin From Net: NetName=AMP_L Pin=R48-2
Removed Pin From Net: NetName=AMP_L Pin=R48-3
Added Component: Designator=R37(PTV09A4020FB103)
Add component (AddParameter): Name = "Arrow Part Number"; Value = "PTV09A-4020F-B105"; VariantName = "[No Variations]"
Add component (AddParameter): Name = "Arrow Price/Stock"; Value = "https://www.arrow.com/en/products/ptv09a-4020f-b105/bourns?region=nac"; VariantName = "[No Variations]"
Add component (AddParameter): Name = "Datasheet Link"; Value = "https://www.bourns.com/docs/Product-Datasheets/ptv09.pdf"; VariantName = "[No Variations]"
Add component (AddParameter): Name = "Height"; Value = "20mm"; VariantName = "[No Variations]"
Add component (AddParameter): Name = "Manufacturer_Name"; Value = "Bourns"; VariantName = "[No Variations]"
Add component (AddParameter): Name = "Manufacturer_Part_Number"; Value = "PTV09A-4020F-B105"; VariantName = "[No Variations]"
Add component (AddParameter): Name = "Mouser Part Number"; Value = "652-PTV09A4020FB105"; VariantName = "[No Variations]"
Add component (AddParameter): Name = "Mouser Price/Stock"; Value = "https://www.mouser.co.uk/ProductDetail/Bourns/PTV09A-4020F-B105?qs=%252B9%2Fcbd0IE0TagBKq%252BGRbqw%3D%3D"; VariantName = "[No Variations]"
Added Component: Designator=R48(PTV09A4020FB103)
Add component (AddParameter): Name = "Arrow Part Number"; Value = "PTV09A-4020F-B105"; VariantName = "[No Variations]"
Add component (AddParameter): Name = "Arrow Price/Stock"; Value = "https://www.arrow.com/en/products/ptv09a-4020f-b105/bourns?region=nac"; VariantName = "[No Variations]"
Add component (AddParameter): Name = "Datasheet Link"; Value = "https://www.bourns.com/docs/Product-Datasheets/ptv09.pdf"; VariantName = "[No Variations]"
Add component (AddParameter): Name = "Height"; Value = "20mm"; VariantName = "[No Variations]"
Add component (AddParameter): Name = "Manufacturer_Name"; Value = "Bourns"; VariantName = "[No Variations]"
Add component (AddParameter): Name = "Manufacturer_Part_Number"; Value = "PTV09A-4020F-B105"; VariantName = "[No Variations]"
Add component (AddParameter): Name = "Mouser Part Number"; Value = "652-PTV09A4020FB105"; VariantName = "[No Variations]"
Add component (AddParameter): Name = "Mouser Price/Stock"; Value = "https://www.mouser.co.uk/ProductDetail/Bourns/PTV09A-4020F-B105?qs=%252B9%2Fcbd0IE0TagBKq%252BGRbqw%3D%3D"; VariantName = "[No Variations]"
Added Pin To Net: NetName=NetIC6_6 Pin=R37-1
Added Pin To Net: NetName=AMP_R Pin=R37-2
Added Pin To Net: NetName=AMP_R Pin=R37-3
Added Pin To Net: NetName=GND Pin=R37-4
Added Pin To Net: NetName=GND Pin=R37-5
Added Pin To Net: NetName=NetIC8_6 Pin=R48-1
Added Pin To Net: NetName=AMP_L Pin=R48-2
Added Pin To Net: NetName=AMP_L Pin=R48-3
Added Pin To Net: NetName=GND Pin=R48-4
Added Pin To Net: NetName=GND Pin=R48-5
Added Member To Class: ClassName=MEMSAndAnalogFrontend Member=Component R37 PTV09A-4020F-B105
Added Member To Class: ClassName=MEMSAndAnalogFrontend Member=Component R38 1k
Added Member To Class: ClassName=MEMSAndAnalogFrontend Member=Component R40 1Meg
Added Member To Class: ClassName=MEMSAndAnalogFrontend Member=Component R42 1k
Added Member To Class: ClassName=MEMSAndAnalogFrontend Member=Component R44 1k
Added Member To Class: ClassName=MEMSAndAnalogFrontend Member=Component R46 10k
