Removed Pin From Net: NetName=ADC_IN1_P Pin=J4-1
Removed Pin From Net: NetName=ADC_IN2_P Pin=J5-1
Removed Pin From Net: NetName=ADC_IN1_N Pin=J6-1
Removed Pin From Net: NetName=ADC_IN2_N Pin=J7-1
Removed Member From Class: ClassName=AudioADC Member=J8
Removed Member From Class: ClassName=AudioADC Member=J9
Removed Member From Class: ClassName=AudioADC Member=J10
Removed Member From Class: ClassName=AudioADC Member=J11
Added Pin To Net: NetName=ADC_IN1_C_P Pin=J4-1
Added Pin To Net: NetName=ADC_IN2_C_P Pin=J5-1
Added Pin To Net: NetName=ADC_IN1_C_N Pin=J6-1
Added Pin To Net: NetName=ADC_IN2_C_N Pin=J7-1
Added Member To Class: ClassName=MEMSAndAnalogFrontend Member=Component C37 100n
Added Member To Class: ClassName=AudioADC Member=Component J4 TSW-101-07-F-S
Added Member To Class: ClassName=AudioADC Member=Component J5 TSW-101-07-F-S
Added Member To Class: ClassName=AudioADC Member=Component J6 TSW-101-07-F-S
Added Member To Class: ClassName=AudioADC Member=Component J7 TSW-101-07-F-S
Added Member To Class: ClassName=MEMSAndAnalogFrontend Member=Component R29 1Meg
Added Member To Class: ClassName=MEMSAndAnalogFrontend Member=Component R31 1k
Added Member To Class: ClassName=MEMSAndAnalogFrontend Member=Component R33 1Meg
Added Member To Class: ClassName=MEMSAndAnalogFrontend Member=Component R35 10k
Added Member To Class: ClassName=MEMSAndAnalogFrontend Member=Component R38 PTV09A-4020F-B105
